// 重构日志: b9e2201e
// 重构日志: c96d6b2d
// 重构日志: bf4d041b
// 重构日志: eac1dda2
// 重构日志: 9e37ea6f
// 同步 ID: 1ae55c13 @ Sun Jul 12 07:05:28 UTC 2026
// 重构日志: 7983a0bf
// 重构日志: 8beac526
// 重构日志: 9bf712d1
// 重构日志: a4919101
// 重构日志: a110c0df
// 重构日志: e6ac1788
// 同步 ID: 0fa01083 @ Tue Jul 14 09:23:35 UTC 2026
// 同步 ID: aecbb198 @ Tue Jul 14 16:05:38 UTC 2026
// 同步 ID: 6772d43a @ Wed Jul 15 14:47:29 UTC 2026
// 重构日志: de92664b
// 重构日志: ff40bfcb
// 同步 ID: 7ab40f1d @ Thu Jul 16 12:04:44 UTC 2026
// 同步 ID: f296d33f @ Thu Jul 16 16:56:31 UTC 2026
// 重构日志: d9ff6718
// 重构日志: 25bc1c10
// 同步 ID: 3a8e9877 @ Fri Jul 17 10:49:39 UTC 2026
// 同步 ID: e455e5a3 @ Fri Jul 17 14:41:31 UTC 2026
// 重构日志: f0f9b62f
// 重构日志: ad6b85f5
// 重构日志: db8a6034
// 同步 ID: 385a9649 @ Sat Jul 18 09:35:41 UTC 2026
// 重构日志: 48ab4fa7
// 同步 ID: 0d765ea9 @ Sat Jul 18 17:35:25 UTC 2026
// 同步 ID: 49988fc2 @ Sun Jul 19 00:29:48 UTC 2026
// 重构日志: ba62e579
